[debug] [2024-10-29T18:00:09.011Z] ----------------------------------------------------------------------
[debug] [2024-10-29T18:00:09.015Z] Command:       /opt/homebrew/Cellar/node/22.8.0/bin/node /Users/casruedy/.npm-global/bin/firebase init
[debug] [2024-10-29T18:00:09.015Z] CLI Version:   13.23.0
[debug] [2024-10-29T18:00:09.015Z] Platform:      darwin
[debug] [2024-10-29T18:00:09.015Z] Node Version:  v22.8.0
[debug] [2024-10-29T18:00:09.016Z] Time:          Tue Oct 29 2024 11:00:09 GMT-0700 (Pacific Daylight Time)
[debug] [2024-10-29T18:00:09.016Z] ----------------------------------------------------------------------
[debug] 
[debug] [2024-10-29T18:00:09.072Z] > command requires scopes: ["email","openid","https://www.googleapis.com/auth/cloudplatformprojects.readonly","https://www.googleapis.com/auth/firebase","https://www.googleapis.com/auth/cloud-platform"]
[debug] [2024-10-29T18:00:09.072Z] > authorizing via signed-in user (cassandraruedy02@gmail.com)
[info] 
     ######## #### ########  ######## ########     ###     ######  ########
     ##        ##  ##     ## ##       ##     ##  ##   ##  ##       ##
     ######    ##  ########  ######   ########  #########  ######  ######
     ##        ##  ##    ##  ##       ##     ## ##     ##       ## ##
     ##       #### ##     ## ######## ########  ##     ##  ######  ########

You're about to initialize a Firebase project in this directory:

  /Users/casruedy/Downloads/food-id

Before we get started, keep in mind:

  * You are initializing within an existing Firebase project directory

[info] 
=== Project Setup
[info] 
[info] First, let's associate this project directory with a Firebase project.
[info] You can create multiple project aliases by running firebase use --add, 
[info] but for now we'll just set up a default project.
[info] 
[debug] [2024-10-29T18:00:21.833Z] Using project from CLI flag: food-id-132a8
[debug] [2024-10-29T18:00:21.835Z] Checked if tokens are valid: false, expires at: 1730190535449
[debug] [2024-10-29T18:00:21.835Z] Checked if tokens are valid: false, expires at: 1730190535449
[debug] [2024-10-29T18:00:21.835Z] > refreshing access token with scopes: []
[debug] [2024-10-29T18:00:21.837Z] >>> [apiv2][query] POST https://www.googleapis.com/oauth2/v3/token [none]
[debug] [2024-10-29T18:00:21.837Z] >>> [apiv2][body] POST https://www.googleapis.com/oauth2/v3/token [omitted]
[debug] [2024-10-29T18:00:22.015Z] <<< [apiv2][status] POST https://www.googleapis.com/oauth2/v3/token 200
[debug] [2024-10-29T18:00:22.015Z] <<< [apiv2][body] POST https://www.googleapis.com/oauth2/v3/token [omitted]
[debug] [2024-10-29T18:00:22.027Z] >>> [apiv2][query] GET https://firebase.googleapis.com/v1beta1/projects/food-id-132a8 [none]
[debug] [2024-10-29T18:00:22.401Z] <<< [apiv2][status] GET https://firebase.googleapis.com/v1beta1/projects/food-id-132a8 200
[debug] [2024-10-29T18:00:22.402Z] <<< [apiv2][body] GET https://firebase.googleapis.com/v1beta1/projects/food-id-132a8 {"projectId":"food-id-132a8","projectNumber":"604260403582","displayName":"Food-ID","name":"projects/food-id-132a8","resources":{"hostingSite":"food-id-132a8"},"state":"ACTIVE","etag":"1_e00eedd7-0423-43df-bde8-2b6c31a9ceab"}
[info] i  Using project food-id-132a8 (Food-ID) 
[info] 
=== Hosting Setup
[debug] [2024-10-29T18:00:22.413Z] Checked if tokens are valid: true, expires at: 1730228421015
[debug] [2024-10-29T18:00:22.413Z] Checked if tokens are valid: true, expires at: 1730228421015
[debug] [2024-10-29T18:00:22.413Z] >>> [apiv2][query] GET https://firebase.googleapis.com/v1beta1/projects/food-id-132a8 [none]
[debug] [2024-10-29T18:00:22.598Z] <<< [apiv2][status] GET https://firebase.googleapis.com/v1beta1/projects/food-id-132a8 200
[debug] [2024-10-29T18:00:22.599Z] <<< [apiv2][body] GET https://firebase.googleapis.com/v1beta1/projects/food-id-132a8 {"projectId":"food-id-132a8","projectNumber":"604260403582","displayName":"Food-ID","name":"projects/food-id-132a8","resources":{"hostingSite":"food-id-132a8"},"state":"ACTIVE","etag":"1_e00eedd7-0423-43df-bde8-2b6c31a9ceab"}
[info] 
[info] Your public directory is the folder (relative to your project directory) that
[info] will contain Hosting assets to be uploaded with firebase deploy. If you
[info] have a build process for your assets, use your build's output directory.
[info] 
